This file contains any messages produced by compilers while
running configure, to aid debugging if configure makes a mistake.

It was created by konoha configure 0.7, which was
generated by GNU Autoconf 2.65.  Invocation command line was

  $ ./configure --no-create --no-recursion

## --------- ##
## Platform. ##
## --------- ##

hostname = kakashi.local
uname -m = i386
uname -r = 10.4.0
uname -s = Darwin
uname -v = Darwin Kernel Version 10.4.0: Fri Apr 23 18:28:53 PDT 2010; root:xnu-1504.7.4~1/RELEASE_I386

/usr/bin/uname -p = i386
/bin/uname -X     = unknown

/bin/arch              = unknown
/usr/bin/arch -k       = unknown
/usr/convex/getsysinfo = unknown
/usr/bin/hostinfo      = Mach kernel version:
	 Darwin Kernel Version 10.4.0: Fri Apr 23 18:28:53 PDT 2010; root:xnu-1504.7.4~1/RELEASE_I386
Kernel configured for up to 2 processors.
2 processors are physically available.
2 processors are logically available.
Processor type: i486 (Intel 80486)
Processors active: 0 1
Primary memory available: 2.00 gigabytes
Default processor set: 97 tasks, 456 threads, 2 processors
Load average: 1.59, Mach factor: 0.73
/bin/machine           = unknown
/usr/bin/oslevel       = unknown
/bin/universe          = unknown

PATH: /opt/local/bin
PATH: /opt/local/sbin
PATH: /usr/bin
PATH: /bin
PATH: /usr/sbin
PATH: /sbin
PATH: /usr/local/bin
PATH: /usr/X11/bin
PATH: /Applications/pTeX.app/teTex/bin
PATH: /opt/local/bin


## ----------- ##
## Core tests. ##
## ----------- ##

configure:2430: checking for a BSD-compatible install
configure:2498: result: /usr/bin/install -c
configure:2509: checking whether build environment is sane
configure:2559: result: yes
configure:2700: checking for a thread-safe mkdir -p
configure:2739: result: ./install-sh -c -d
configure:2752: checking for gawk
configure:2782: result: no
configure:2752: checking for mawk
configure:2782: result: no
configure:2752: checking for nawk
configure:2782: result: no
configure:2752: checking for awk
configure:2768: found /usr/bin/awk
configure:2779: result: awk
configure:2790: checking whether make sets $(MAKE)
configure:2812: result: yes
configure:2937: checking for gcc
configure:2953: found /usr/bin/gcc
configure:2964: result: gcc
configure:3193: checking for C compiler version
configure:3202: gcc --version >&5
i686-apple-darwin10-gcc-4.2.1 (GCC) 4.2.1 (Apple Inc. build 5659)
Copyright (C) 2007 Free Software Foundation, Inc.
This is free software; see the source for copying conditions.  There is NO
warranty; not even for MERCHANTABILITY or FITNESS FOR A PARTICULAR PURPOSE.

configure:3213: $? = 0
configure:3202: gcc -v >&5
Using built-in specs.
Target: i686-apple-darwin10
Configured with: /var/tmp/gcc/gcc-5659~1/src/configure --disable-checking --enable-werror --prefix=/usr --mandir=/share/man --enable-languages=c,objc,c++,obj-c++ --program-transform-name=/^[cg][^.-]*$/s/$/-4.2/ --with-slibdir=/usr/lib --build=i686-apple-darwin10 --program-prefix=i686-apple-darwin10- --host=x86_64-apple-darwin10 --target=i686-apple-darwin10 --with-gxx-include-dir=/include/c++/4.2.1
Thread model: posix
gcc version 4.2.1 (Apple Inc. build 5659)
configure:3213: $? = 0
configure:3202: gcc -V >&5
gcc-4.2: argument to `-V' is missing
configure:3213: $? = 1
configure:3202: gcc -qversion >&5
i686-apple-darwin10-gcc-4.2.1: no input files
configure:3213: $? = 1
configure:3233: checking whether the C compiler works
configure:3255: gcc    conftest.c  >&5
configure:3259: $? = 0
configure:3308: result: yes
configure:3311: checking for C compiler default output file name
configure:3313: result: a.out
configure:3319: checking for suffix of executables
configure:3326: gcc -o conftest    conftest.c  >&5
configure:3330: $? = 0
configure:3352: result: 
configure:3374: checking whether we are cross compiling
configure:3382: gcc -o conftest    conftest.c  >&5
configure:3386: $? = 0
configure:3393: ./conftest
configure:3397: $? = 0
configure:3412: result: no
configure:3417: checking for suffix of object files
configure:3439: gcc -c   conftest.c >&5
configure:3443: $? = 0
configure:3464: result: o
configure:3468: checking whether we are using the GNU C compiler
configure:3487: gcc -c   conftest.c >&5
configure:3487: $? = 0
configure:3496: result: yes
configure:3505: checking whether gcc accepts -g
configure:3525: gcc -c -g  conftest.c >&5
configure:3525: $? = 0
configure:3566: result: yes
configure:3583: checking for gcc option to accept ISO C89
configure:3647: gcc  -c -g -O2  conftest.c >&5
configure:3647: $? = 0
configure:3660: result: none needed
configure:3691: checking for style of include used by make
configure:3719: result: GNU
configure:3744: checking dependency style of gcc
configure:3854: result: gcc3
configure:3909: checking build system type
configure:3923: result: x86_64-apple-darwin10.4.0
configure:3943: checking host system type
configure:3956: result: x86_64-apple-darwin10.4.0
configure:4304: checking for a sed that does not truncate output
configure:4368: result: /usr/bin/sed
configure:4386: checking for grep that handles long lines and -e
configure:4444: result: /usr/bin/grep
configure:4449: checking for egrep
configure:4511: result: /usr/bin/grep -E
configure:4516: checking for fgrep
configure:4578: result: /usr/bin/grep -F
configure:4613: checking for ld used by gcc
configure:4680: result: /usr/libexec/gcc/i686-apple-darwin10/4.2.1/ld
configure:4687: checking if the linker (/usr/libexec/gcc/i686-apple-darwin10/4.2.1/ld) is GNU ld
configure:4702: result: no
configure:4714: checking for BSD- or MS-compatible name lister (nm)
configure:4763: result: /usr/bin/nm
configure:4881: checking the name lister (/usr/bin/nm) interface
configure:4888: gcc -c -g -O2  conftest.c >&5
configure:4891: /usr/bin/nm "conftest.o"
configure:4894: output
0000000000000188 D _some_variable
configure:4901: result: BSD nm
configure:4904: checking whether ln -s works
configure:4908: result: yes
configure:4916: checking the maximum length of command line arguments
configure:5036: result: 196608
configure:5053: checking whether the shell understands some XSI constructs
configure:5063: result: yes
configure:5067: checking whether the shell understands "+="
configure:5073: result: yes
configure:5108: checking for /usr/libexec/gcc/i686-apple-darwin10/4.2.1/ld option to reload object files
configure:5115: result: -r
configure:5184: checking for objdump
configure:5211: result: objdump
configure:5240: checking how to recognize dependent libraries
configure:5436: result: pass_all
configure:5496: checking for ar
configure:5512: found /usr/bin/ar
configure:5523: result: ar
configure:5601: checking for strip
configure:5617: found /usr/bin/strip
configure:5628: result: strip
configure:5700: checking for ranlib
configure:5716: found /usr/bin/ranlib
configure:5727: result: ranlib
configure:5817: checking command to parse /usr/bin/nm output from gcc object
configure:5935: gcc -c -g -O2  conftest.c >&5
configure:5938: $? = 0
configure:5942: /usr/bin/nm conftest.o \| sed -n -e 's/^.*[	 ]\([BCDEGRST][BCDEGRST]*\)[	 ][	 ]*\([_A-Za-z][_A-Za-z0-9]*\)$/\1 \2 \2/p' \> conftest.nm
configure:5945: $? = 0
cannot find nm_test_var in conftest.nm
configure:5935: gcc -c -g -O2  conftest.c >&5
configure:5938: $? = 0
configure:5942: /usr/bin/nm conftest.o \| sed -n -e 's/^.*[	 ]\([BCDEGRST][BCDEGRST]*\)[	 ][	 ]*_\([_A-Za-z][_A-Za-z0-9]*\)$/\1 _\2 \2/p' \> conftest.nm
configure:5945: $? = 0
configure:5999: gcc -o conftest -g -O2   conftest.c conftstm.o >&5
configure:6002: $? = 0
configure:6040: result: ok
configure:6305: checking for dsymutil
configure:6321: found /usr/bin/dsymutil
configure:6332: result: dsymutil
configure:6397: checking for nmedit
configure:6413: found /usr/bin/nmedit
configure:6424: result: nmedit
configure:6489: checking for lipo
configure:6505: found /usr/bin/lipo
configure:6516: result: lipo
configure:6581: checking for otool
configure:6597: found /usr/bin/otool
configure:6608: result: otool
configure:6673: checking for otool64
configure:6703: result: no
configure:6748: checking for -single_module linker flag
gcc -g -O2  -o libconftest.dylib -dynamiclib -Wl,-single_module conftest.c
configure:6775: result: yes
configure:6777: checking for -exported_symbols_list linker flag
configure:6797: gcc -o conftest -g -O2   -Wl,-exported_symbols_list,conftest.sym conftest.c  >&5
configure:6797: $? = 0
configure:6807: result: yes
configure:6849: checking how to run the C preprocessor
configure:6880: gcc -E  conftest.c
configure:6880: $? = 0
configure:6894: gcc -E  conftest.c
conftest.c:9:28: error: ac_nonexistent.h: No such file or directory
configure:6894: $? = 1
configure: failed program was:
| /* confdefs.h */
| #define PACKAGE_NAME "konoha"
| #define PACKAGE_TARNAME "konoha"
| #define PACKAGE_VERSION "0.7"
| #define PACKAGE_STRING "konoha 0.7"
| #define PACKAGE_BUGREPORT "konoha-bugs@list.sourceforge.jp"
| #define PACKAGE_URL ""
| /* end confdefs.h.  */
| #include <ac_nonexistent.h>
configure:6919: result: gcc -E
configure:6939: gcc -E  conftest.c
configure:6939: $? = 0
configure:6953: gcc -E  conftest.c
conftest.c:9:28: error: ac_nonexistent.h: No such file or directory
configure:6953: $? = 1
configure: failed program was:
| /* confdefs.h */
| #define PACKAGE_NAME "konoha"
| #define PACKAGE_TARNAME "konoha"
| #define PACKAGE_VERSION "0.7"
| #define PACKAGE_STRING "konoha 0.7"
| #define PACKAGE_BUGREPORT "konoha-bugs@list.sourceforge.jp"
| #define PACKAGE_URL ""
| /* end confdefs.h.  */
| #include <ac_nonexistent.h>
configure:6982: checking for ANSI C header files
configure:7002: gcc -c -g -O2  conftest.c >&5
configure:7002: $? = 0
configure:7075: gcc -o conftest -g -O2   conftest.c  >&5
configure:7075: $? = 0
configure:7075: ./conftest
configure:7075: $? = 0
configure:7086: result: yes
configure:7099: checking for sys/types.h
configure:7099: gcc -c -g -O2  conftest.c >&5
configure:7099: $? = 0
configure:7099: result: yes
configure:7099: checking for sys/stat.h
configure:7099: gcc -c -g -O2  conftest.c >&5
configure:7099: $? = 0
configure:7099: result: yes
configure:7099: checking for stdlib.h
configure:7099: gcc -c -g -O2  conftest.c >&5
configure:7099: $? = 0
configure:7099: result: yes
configure:7099: checking for string.h
configure:7099: gcc -c -g -O2  conftest.c >&5
configure:7099: $? = 0
configure:7099: result: yes
configure:7099: checking for memory.h
configure:7099: gcc -c -g -O2  conftest.c >&5
configure:7099: $? = 0
configure:7099: result: yes
configure:7099: checking for strings.h
configure:7099: gcc -c -g -O2  conftest.c >&5
configure:7099: $? = 0
configure:7099: result: yes
configure:7099: checking for inttypes.h
configure:7099: gcc -c -g -O2  conftest.c >&5
configure:7099: $? = 0
configure:7099: result: yes
configure:7099: checking for stdint.h
configure:7099: gcc -c -g -O2  conftest.c >&5
configure:7099: $? = 0
configure:7099: result: yes
configure:7099: checking for unistd.h
configure:7099: gcc -c -g -O2  conftest.c >&5
configure:7099: $? = 0
configure:7099: result: yes
configure:7114: checking for dlfcn.h
configure:7114: gcc -c -g -O2  conftest.c >&5
configure:7114: $? = 0
configure:7114: result: yes
configure:7266: checking for objdir
configure:7281: result: .libs
configure:7573: checking if gcc supports -fno-rtti -fno-exceptions
configure:7591: gcc -c -g -O2  -fno-rtti -fno-exceptions conftest.c >&5
cc1: warning: command line option "-fno-rtti" is valid for C++/ObjC++ but not for C
configure:7595: $? = 0
configure:7608: result: no
configure:7628: checking for gcc option to produce PIC
configure:7900: result: -fno-common -DPIC
configure:7912: checking if gcc PIC flag -fno-common -DPIC works
configure:7930: gcc -c -g -O2  -fno-common -DPIC -DPIC conftest.c >&5
configure:7934: $? = 0
configure:7947: result: yes
configure:7971: checking if gcc static flag -static works
configure:7999: result: no
configure:8014: checking if gcc supports -c -o file.o
configure:8035: gcc -c -g -O2  -o out/conftest2.o conftest.c >&5
configure:8039: $? = 0
configure:8061: result: yes
configure:8069: checking if gcc supports -c -o file.o
configure:8116: result: yes
configure:8149: checking whether the gcc linker (/usr/libexec/gcc/i686-apple-darwin10/4.2.1/ld) supports shared libraries
configure:9135: result: yes
configure:9374: checking dynamic linker characteristics
configure:10025: result: darwin10.4.0 dyld
configure:10127: checking how to hardcode library paths into programs
configure:10152: result: immediate
configure:10672: checking whether stripping libraries is possible
configure:10686: result: yes
configure:10712: checking if libtool supports shared libraries
configure:10714: result: yes
configure:10717: checking whether to build shared libraries
configure:10738: result: yes
configure:10741: checking whether to build static libraries
configure:10745: result: no
configure:10887: checking for ANSI C header files
configure:10991: result: yes
configure:11002: checking float.h usability
configure:11002: gcc -c -g -O2  conftest.c >&5
configure:11002: $? = 0
configure:11002: result: yes
configure:11002: checking float.h presence
configure:11002: gcc -E  conftest.c
configure:11002: $? = 0
configure:11002: result: yes
configure:11002: checking for float.h
configure:11002: result: yes
configure:11002: checking langinfo.h usability
configure:11002: gcc -c -g -O2  conftest.c >&5
configure:11002: $? = 0
configure:11002: result: yes
configure:11002: checking langinfo.h presence
configure:11002: gcc -E  conftest.c
configure:11002: $? = 0
configure:11002: result: yes
configure:11002: checking for langinfo.h
configure:11002: result: yes
configure:11002: checking localcharset.h usability
configure:11002: gcc -c -g -O2  conftest.c >&5
configure:11002: $? = 0
configure:11002: result: yes
configure:11002: checking localcharset.h presence
configure:11002: gcc -E  conftest.c
configure:11002: $? = 0
configure:11002: result: yes
configure:11002: checking for localcharset.h
configure:11002: result: yes
configure:11002: checking limits.h usability
configure:11002: gcc -c -g -O2  conftest.c >&5
configure:11002: $? = 0
configure:11002: result: yes
configure:11002: checking limits.h presence
configure:11002: gcc -E  conftest.c
configure:11002: $? = 0
configure:11002: result: yes
configure:11002: checking for limits.h
configure:11002: result: yes
configure:11002: checking locale.h usability
configure:11002: gcc -c -g -O2  conftest.c >&5
configure:11002: $? = 0
configure:11002: result: yes
configure:11002: checking locale.h presence
configure:11002: gcc -E  conftest.c
configure:11002: $? = 0
configure:11002: result: yes
configure:11002: checking for locale.h
configure:11002: result: yes
configure:11002: checking for stdlib.h
configure:11002: result: yes
configure:11002: checking for string.h
configure:11002: result: yes
configure:11002: checking sys/time.h usability
configure:11002: gcc -c -g -O2  conftest.c >&5
configure:11002: $? = 0
configure:11002: result: yes
configure:11002: checking sys/time.h presence
configure:11002: gcc -E  conftest.c
configure:11002: $? = 0
configure:11002: result: yes
configure:11002: checking for sys/time.h
configure:11002: result: yes
configure:11002: checking for unistd.h
configure:11002: result: yes
configure:11002: checking iconv.h usability
configure:11002: gcc -c -g -O2  conftest.c >&5
configure:11002: $? = 0
configure:11002: result: yes
configure:11002: checking iconv.h presence
configure:11002: gcc -E  conftest.c
configure:11002: $? = 0
configure:11002: result: yes
configure:11002: checking for iconv.h
configure:11002: result: yes
configure:11002: checking readline/readline.h usability
configure:11002: gcc -c -g -O2  conftest.c >&5
configure:11002: $? = 0
configure:11002: result: yes
configure:11002: checking readline/readline.h presence
configure:11002: gcc -E  conftest.c
configure:11002: $? = 0
configure:11002: result: yes
configure:11002: checking for readline/readline.h
configure:11002: result: yes
configure:11002: checking sys/param.h usability
configure:11002: gcc -c -g -O2  conftest.c >&5
configure:11002: $? = 0
configure:11002: result: yes
configure:11002: checking sys/param.h presence
configure:11002: gcc -E  conftest.c
configure:11002: $? = 0
configure:11002: result: yes
configure:11002: checking for sys/param.h
configure:11002: result: yes
configure:11015: checking for an ANSI C-conforming const
configure:11080: gcc -c -g -O2  conftest.c >&5
configure:11080: $? = 0
configure:11087: result: yes
configure:11095: checking for size_t
configure:11095: gcc -c -g -O2  conftest.c >&5
configure:11095: $? = 0
configure:11095: gcc -c -g -O2  conftest.c >&5
conftest.c: In function 'main':
conftest.c:70: error: expected expression before ')' token
configure:11095: $? = 1
configure: failed program was:
| /* confdefs.h */
| #define PACKAGE_NAME "konoha"
| #define PACKAGE_TARNAME "konoha"
| #define PACKAGE_VERSION "0.7"
| #define PACKAGE_STRING "konoha 0.7"
| #define PACKAGE_BUGREPORT "konoha-bugs@list.sourceforge.jp"
| #define PACKAGE_URL ""
| #define STDC_HEADERS 1
| #define HAVE_SYS_TYPES_H 1
| #define HAVE_SYS_STAT_H 1
| #define HAVE_STDLIB_H 1
| #define HAVE_STRING_H 1
| #define HAVE_MEMORY_H 1
| #define HAVE_STRINGS_H 1
| #define HAVE_INTTYPES_H 1
| #define HAVE_STDINT_H 1
| #define HAVE_UNISTD_H 1
| #define HAVE_DLFCN_H 1
| #define LT_OBJDIR ".libs/"
| #define STDC_HEADERS 1
| #define HAVE_FLOAT_H 1
| #define HAVE_LANGINFO_H 1
| #define HAVE_LOCALCHARSET_H 1
| #define HAVE_LIMITS_H 1
| #define HAVE_LOCALE_H 1
| #define HAVE_STDLIB_H 1
| #define HAVE_STRING_H 1
| #define HAVE_SYS_TIME_H 1
| #define HAVE_UNISTD_H 1
| #define HAVE_ICONV_H 1
| #define HAVE_READLINE_READLINE_H 1
| #define HAVE_SYS_PARAM_H 1
| /* end confdefs.h.  */
| #include <stdio.h>
| #ifdef HAVE_SYS_TYPES_H
| # include <sys/types.h>
| #endif
| #ifdef HAVE_SYS_STAT_H
| # include <sys/stat.h>
| #endif
| #ifdef STDC_HEADERS
| # include <stdlib.h>
| # include <stddef.h>
| #else
| # ifdef HAVE_STDLIB_H
| #  include <stdlib.h>
| # endif
| #endif
| #ifdef HAVE_STRING_H
| # if !defined STDC_HEADERS && defined HAVE_MEMORY_H
| #  include <memory.h>
| # endif
| # include <string.h>
| #endif
| #ifdef HAVE_STRINGS_H
| # include <strings.h>
| #endif
| #ifdef HAVE_INTTYPES_H
| # include <inttypes.h>
| #endif
| #ifdef HAVE_STDINT_H
| # include <stdint.h>
| #endif
| #ifdef HAVE_UNISTD_H
| # include <unistd.h>
| #endif
| int
| main ()
| {
| if (sizeof ((size_t)))
| 	    return 0;
|   ;
|   return 0;
| }
configure:11095: result: yes
configure:11106: checking whether time.h and sys/time.h may both be included
configure:11126: gcc -c -g -O2  conftest.c >&5
configure:11126: $? = 0
configure:11133: result: yes
configure:11141: checking whether struct tm is in sys/time.h or time.h
configure:11161: gcc -c -g -O2  conftest.c >&5
configure:11161: $? = 0
configure:11168: result: time.h
configure:11180: checking for stdlib.h
configure:11180: result: yes
configure:11190: checking for GNU libc compatible malloc
configure:11214: gcc -o conftest -g -O2   conftest.c  >&5
configure:11214: $? = 0
configure:11214: ./conftest
configure:11214: $? = 0
configure:11224: result: yes
configure:11248: checking for isascii
configure:11248: gcc -o conftest -g -O2   conftest.c  >&5
conftest.c:60: warning: conflicting types for built-in function 'isascii'
configure:11248: $? = 0
configure:11248: result: yes
configure:11248: checking for memset
configure:11248: gcc -o conftest -g -O2   conftest.c  >&5
conftest.c:61: warning: conflicting types for built-in function 'memset'
configure:11248: $? = 0
configure:11248: result: yes
configure:11248: checking for realpath
configure:11248: gcc -o conftest -g -O2   conftest.c  >&5
configure:11248: $? = 0
configure:11248: result: yes
configure:11248: checking for qsort_r
configure:11248: gcc -o conftest -g -O2   conftest.c  >&5
configure:11248: $? = 0
configure:11248: result: yes
configure:11248: checking for posix_memalign
configure:11248: gcc -o conftest -g -O2   conftest.c  >&5
configure:11248: $? = 0
configure:11248: result: yes
configure:11248: checking for mmap
configure:11248: gcc -o conftest -g -O2   conftest.c  >&5
configure:11248: $? = 0
configure:11248: result: yes
configure:11379: checking for iconv_open in -liconv
configure:11404: gcc -o conftest -g -O2   conftest.c -liconv   >&5
configure:11404: $? = 0
configure:11413: result: yes
configure:11461: checking for iconv_open in -lc
configure:11486: gcc -o conftest -g -O2   conftest.c -lc   >&5
Undefined symbols:
  "_iconv_open", referenced from:
      _main in cczNVoyG.o
ld: symbol(s) not found
collect2: ld returned 1 exit status
configure:11486: $? = 1
configure: failed program was:
| /* confdefs.h */
| #define PACKAGE_NAME "konoha"
| #define PACKAGE_TARNAME "konoha"
| #define PACKAGE_VERSION "0.7"
| #define PACKAGE_STRING "konoha 0.7"
| #define PACKAGE_BUGREPORT "konoha-bugs@list.sourceforge.jp"
| #define PACKAGE_URL ""
| #define STDC_HEADERS 1
| #define HAVE_SYS_TYPES_H 1
| #define HAVE_SYS_STAT_H 1
| #define HAVE_STDLIB_H 1
| #define HAVE_STRING_H 1
| #define HAVE_MEMORY_H 1
| #define HAVE_STRINGS_H 1
| #define HAVE_INTTYPES_H 1
| #define HAVE_STDINT_H 1
| #define HAVE_UNISTD_H 1
| #define HAVE_DLFCN_H 1
| #define LT_OBJDIR ".libs/"
| #define STDC_HEADERS 1
| #define HAVE_FLOAT_H 1
| #define HAVE_LANGINFO_H 1
| #define HAVE_LOCALCHARSET_H 1
| #define HAVE_LIMITS_H 1
| #define HAVE_LOCALE_H 1
| #define HAVE_STDLIB_H 1
| #define HAVE_STRING_H 1
| #define HAVE_SYS_TIME_H 1
| #define HAVE_UNISTD_H 1
| #define HAVE_ICONV_H 1
| #define HAVE_READLINE_READLINE_H 1
| #define HAVE_SYS_PARAM_H 1
| #define TIME_WITH_SYS_TIME 1
| #define HAVE_STDLIB_H 1
| #define HAVE_MALLOC 1
| #define HAVE_ISASCII 1
| #define HAVE_MEMSET 1
| #define HAVE_REALPATH 1
| #define HAVE_QSORT_R 1
| #define HAVE_POSIX_MEMALIGN 1
| #define HAVE_MMAP 1
| /* end confdefs.h.  */
| 
| /* Override any GCC internal prototype to avoid an error.
|    Use char because int might match the return type of a GCC
|    builtin and then its argument prototype would still apply.  */
| #ifdef __cplusplus
| extern "C"
| #endif
| char iconv_open ();
| int
| main ()
| {
| return iconv_open ();
|   ;
|   return 0;
| }
configure:11495: result: no
configure:11501: checking iconv detected
configure:11503: result: yes
configure:11541: checking for tputs in -lncurses
configure:11566: gcc -o conftest -g -O2   conftest.c -lncurses   -liconv >&5
configure:11566: $? = 0
configure:11575: result: yes
configure:11632: checking for readline in -lreadline
configure:11657: gcc -o conftest -g -O2   conftest.c -lreadline   -liconv >&5
configure:11657: $? = 0
configure:11666: result: yes
configure:11669: checking for readline/readline.h
configure:11669: result: yes
configure:11671: checking readline/history.h usability
configure:11671: gcc -c -g -O2  conftest.c >&5
configure:11671: $? = 0
configure:11671: result: yes
configure:11671: checking readline/history.h presence
configure:11671: gcc -E  conftest.c
configure:11671: $? = 0
configure:11671: result: yes
configure:11671: checking for readline/history.h
configure:11671: result: yes
configure:11682: checking readline detected
configure:11684: result: yes
configure:11731: checking for socket in -lsocket
configure:11756: gcc -o conftest -g -O2   conftest.c -lsocket   -liconv -lncurses -lreadline >&5
ld: library not found for -lsocket
collect2: ld returned 1 exit status
configure:11756: $? = 1
configure: failed program was:
| /* confdefs.h */
| #define PACKAGE_NAME "konoha"
| #define PACKAGE_TARNAME "konoha"
| #define PACKAGE_VERSION "0.7"
| #define PACKAGE_STRING "konoha 0.7"
| #define PACKAGE_BUGREPORT "konoha-bugs@list.sourceforge.jp"
| #define PACKAGE_URL ""
| #define STDC_HEADERS 1
| #define HAVE_SYS_TYPES_H 1
| #define HAVE_SYS_STAT_H 1
| #define HAVE_STDLIB_H 1
| #define HAVE_STRING_H 1
| #define HAVE_MEMORY_H 1
| #define HAVE_STRINGS_H 1
| #define HAVE_INTTYPES_H 1
| #define HAVE_STDINT_H 1
| #define HAVE_UNISTD_H 1
| #define HAVE_DLFCN_H 1
| #define LT_OBJDIR ".libs/"
| #define STDC_HEADERS 1
| #define HAVE_FLOAT_H 1
| #define HAVE_LANGINFO_H 1
| #define HAVE_LOCALCHARSET_H 1
| #define HAVE_LIMITS_H 1
| #define HAVE_LOCALE_H 1
| #define HAVE_STDLIB_H 1
| #define HAVE_STRING_H 1
| #define HAVE_SYS_TIME_H 1
| #define HAVE_UNISTD_H 1
| #define HAVE_ICONV_H 1
| #define HAVE_READLINE_READLINE_H 1
| #define HAVE_SYS_PARAM_H 1
| #define TIME_WITH_SYS_TIME 1
| #define HAVE_STDLIB_H 1
| #define HAVE_MALLOC 1
| #define HAVE_ISASCII 1
| #define HAVE_MEMSET 1
| #define HAVE_REALPATH 1
| #define HAVE_QSORT_R 1
| #define HAVE_POSIX_MEMALIGN 1
| #define HAVE_MMAP 1
| #define K_USING_READLINE 1
| /* end confdefs.h.  */
| 
| /* Override any GCC internal prototype to avoid an error.
|    Use char because int might match the return type of a GCC
|    builtin and then its argument prototype would still apply.  */
| #ifdef __cplusplus
| extern "C"
| #endif
| char socket ();
| int
| main ()
| {
| return socket ();
|   ;
|   return 0;
| }
configure:11765: result: no
configure:11771: checking for socket in -lc
configure:11796: gcc -o conftest -g -O2   conftest.c -lc   -liconv -lncurses -lreadline >&5
configure:11796: $? = 0
configure:11805: result: yes
configure:11811: checking socket detected
configure:11813: result: no
configure:11851: checking for sqlite3_open in -lsqlite3
configure:11876: gcc -o conftest -g -O2   conftest.c -lsqlite3   -liconv -lncurses -lreadline >&5
configure:11876: $? = 0
configure:11885: result: yes
configure:11891: checking sqlite3 detected
configure:11893: result: yes
configure:11925: checking for pthread_create in -lpthread
configure:11950: gcc -o conftest -g -O2   conftest.c -lpthread   -liconv -lncurses -lreadline -lsqlite3 >&5
configure:11950: $? = 0
configure:11959: result: yes
configure:11965: checking pthread detected
configure:11967: result: yes
configure:12026: result: this is NONE
configure:12166: creating ./config.status
configure:14395: result:
Konoha 0.7 is now configured for darwin10.4.0.

  Installation prefix:  /usr/local
  C compiler:           gcc -g -O2 
  Linker:               gcc  -liconv -lncurses -lreadline -lsqlite3 -lpthread 
  Debug Mode            no
  iconv    support      yes
  readline support      yes
  sqlite3  support      yes
  thread   support      yes
  socket   support      no

Now run 'make' to build everything, and 'make test' to
test builded software. 'make install' install this
software on your system. To remove the installed software
at a later time use the 'make uninstall' command.


## ---------------- ##
## Cache variables. ##
## ---------------- ##

ac_cv_build=x86_64-apple-darwin10.4.0
ac_cv_c_compiler_gnu=yes
ac_cv_c_const=yes
ac_cv_env_CC_set=
ac_cv_env_CC_value=
ac_cv_env_CFLAGS_set=
ac_cv_env_CFLAGS_value=
ac_cv_env_CPPFLAGS_set=
ac_cv_env_CPPFLAGS_value=
ac_cv_env_CPP_set=
ac_cv_env_CPP_value=
ac_cv_env_LDFLAGS_set=
ac_cv_env_LDFLAGS_value=
ac_cv_env_LIBS_set=
ac_cv_env_LIBS_value=
ac_cv_env_build_alias_set=
ac_cv_env_build_alias_value=
ac_cv_env_host_alias_set=
ac_cv_env_host_alias_value=
ac_cv_env_target_alias_set=
ac_cv_env_target_alias_value=
ac_cv_func_isascii=yes
ac_cv_func_malloc_0_nonnull=yes
ac_cv_func_memset=yes
ac_cv_func_mmap=yes
ac_cv_func_posix_memalign=yes
ac_cv_func_qsort_r=yes
ac_cv_func_realpath=yes
ac_cv_header_dlfcn_h=yes
ac_cv_header_float_h=yes
ac_cv_header_iconv_h=yes
ac_cv_header_inttypes_h=yes
ac_cv_header_langinfo_h=yes
ac_cv_header_limits_h=yes
ac_cv_header_localcharset_h=yes
ac_cv_header_locale_h=yes
ac_cv_header_memory_h=yes
ac_cv_header_readline_history_h=yes
ac_cv_header_readline_readline_h=yes
ac_cv_header_stdc=yes
ac_cv_header_stdint_h=yes
ac_cv_header_stdlib_h=yes
ac_cv_header_string_h=yes
ac_cv_header_strings_h=yes
ac_cv_header_sys_param_h=yes
ac_cv_header_sys_stat_h=yes
ac_cv_header_sys_time_h=yes
ac_cv_header_sys_types_h=yes
ac_cv_header_time=yes
ac_cv_header_unistd_h=yes
ac_cv_host=x86_64-apple-darwin10.4.0
ac_cv_lib_c_iconv_open=no
ac_cv_lib_c_socket=yes
ac_cv_lib_iconv_iconv_open=yes
ac_cv_lib_ncurses_tputs=yes
ac_cv_lib_pthread_pthread_create=yes
ac_cv_lib_readline_readline=yes
ac_cv_lib_socket_socket=no
ac_cv_lib_sqlite3_sqlite3_open=yes
ac_cv_objext=o
ac_cv_path_EGREP='/usr/bin/grep -E'
ac_cv_path_FGREP='/usr/bin/grep -F'
ac_cv_path_GREP=/usr/bin/grep
ac_cv_path_SED=/usr/bin/sed
ac_cv_path_install='/usr/bin/install -c'
ac_cv_prog_AWK=awk
ac_cv_prog_CPP='gcc -E'
ac_cv_prog_ac_ct_AR=ar
ac_cv_prog_ac_ct_CC=gcc
ac_cv_prog_ac_ct_DSYMUTIL=dsymutil
ac_cv_prog_ac_ct_LIPO=lipo
ac_cv_prog_ac_ct_NMEDIT=nmedit
ac_cv_prog_ac_ct_OBJDUMP=objdump
ac_cv_prog_ac_ct_OTOOL=otool
ac_cv_prog_ac_ct_RANLIB=ranlib
ac_cv_prog_ac_ct_STRIP=strip
ac_cv_prog_cc_c89=
ac_cv_prog_cc_g=yes
ac_cv_prog_make_make_set=yes
ac_cv_struct_tm=time.h
ac_cv_type_size_t=yes
am_cv_CC_dependencies_compiler_type=gcc3
lt_cv_apple_cc_single_mod=yes
lt_cv_deplibs_check_method=pass_all
lt_cv_file_magic_cmd='$MAGIC_CMD'
lt_cv_file_magic_test_file=
lt_cv_ld_exported_symbols_list=yes
lt_cv_ld_reload_flag=-r
lt_cv_nm_interface='BSD nm'
lt_cv_objdir=.libs
lt_cv_path_LD=/usr/libexec/gcc/i686-apple-darwin10/4.2.1/ld
lt_cv_path_NM=/usr/bin/nm
lt_cv_prog_compiler_c_o=yes
lt_cv_prog_compiler_pic_works=yes
lt_cv_prog_compiler_rtti_exceptions=no
lt_cv_prog_compiler_static_works=no
lt_cv_prog_gnu_ld=no
lt_cv_sys_global_symbol_pipe='sed -n -e '\''s/^.*[	 ]\([BCDEGRST][BCDEGRST]*\)[	 ][	 ]*_\([_A-Za-z][_A-Za-z0-9]*\)$/\1 _\2 \2/p'\'''
lt_cv_sys_global_symbol_to_c_name_address='sed -n -e '\''s/^: \([^ ]*\) $/  {\"\1\", (void *) 0},/p'\'' -e '\''s/^[BCDEGRST]* \([^ ]*\) \([^ ]*\)$/  {"\2", (void *) \&\2},/p'\'''
lt_cv_sys_global_symbol_to_c_name_address_lib_prefix='sed -n -e '\''s/^: \([^ ]*\) $/  {\"\1\", (void *) 0},/p'\'' -e '\''s/^[BCDEGRST]* \([^ ]*\) \(lib[^ ]*\)$/  {"\2", (void *) \&\2},/p'\'' -e '\''s/^[BCDEGRST]* \([^ ]*\) \([^ ]*\)$/  {"lib\2", (void *) \&\2},/p'\'''
lt_cv_sys_global_symbol_to_cdecl='sed -n -e '\''s/^T .* \(.*\)$/extern int \1();/p'\'' -e '\''s/^[BCDEGRST]* .* \(.*\)$/extern char \1;/p'\'''
lt_cv_sys_max_cmd_len=196608

## ----------------- ##
## Output variables. ##
## ----------------- ##

ACLOCAL='${SHELL} /Users/kimio/D/svn/konoha/branches/konoha7/missing --run aclocal-1.11'
AMDEPBACKSLASH='\'
AMDEP_FALSE='#'
AMDEP_TRUE=''
AMTAR='${SHELL} /Users/kimio/D/svn/konoha/branches/konoha7/missing --run tar'
AR='ar'
AS='as'
AUTOCONF='${SHELL} /Users/kimio/D/svn/konoha/branches/konoha7/missing --run autoconf'
AUTOHEADER='${SHELL} /Users/kimio/D/svn/konoha/branches/konoha7/missing --run autoheader'
AUTOMAKE='${SHELL} /Users/kimio/D/svn/konoha/branches/konoha7/missing --run automake-1.11'
AWK='awk'
CC='gcc'
CCDEPMODE='depmode=gcc3'
CFLAGS='-g -O2'
CPP='gcc -E'
CPPFLAGS=''
CYGPATH_W='echo'
DEFS='-DHAVE_CONFIG_H'
DEPDIR='.deps'
DLLTOOL='dlltool'
DSYMUTIL='dsymutil'
DUMPBIN=''
ECHO_C='\c'
ECHO_N=''
ECHO_T=''
EGREP='/usr/bin/grep -E'
EXEEXT=''
FGREP='/usr/bin/grep -F'
GREP='/usr/bin/grep'
INSTALL_DATA='${INSTALL} -m 644'
INSTALL_PROGRAM='${INSTALL}'
INSTALL_SCRIPT='${INSTALL}'
INSTALL_STRIP_PROGRAM='$(install_sh) -c -s'
LD='/usr/libexec/gcc/i686-apple-darwin10/4.2.1/ld'
LDFLAGS=''
LIBICONV='-liconv'
LIBOBJS=''
LIBREADLINE='-lreadline'
LIBS=' -liconv -lncurses -lreadline -lsqlite3 -lpthread'
LIBSOCKET=''
LIBSQLITE3='-lsqlite3'
LIBTHREAD='-lpthread'
LIBTOOL='$(SHELL) $(top_builddir)/libtool'
LIPO='lipo'
LN_S='ln -s'
LTLIBOBJS=''
MAKEINFO='${SHELL} /Users/kimio/D/svn/konoha/branches/konoha7/missing --run makeinfo'
MKDIR_P='./install-sh -c -d'
NM='/usr/bin/nm'
NMEDIT='nmedit'
OBJDUMP='objdump'
OBJEXT='o'
OTOOL64=':'
OTOOL='otool'
PACKAGE='konoha'
PACKAGE_BUGREPORT='konoha-bugs@list.sourceforge.jp'
PACKAGE_NAME='konoha'
PACKAGE_STRING='konoha 0.7'
PACKAGE_TARNAME='konoha'
PACKAGE_URL=''
PACKAGE_VERSION='0.7'
PATH_SEPARATOR=':'
RANLIB='ranlib'
SED='/usr/bin/sed'
SET_MAKE=''
SHELL='/bin/sh'
STRIP='strip'
VERSION='0.7'
WITH_ICONV_01='0'
WITH_READLINE_01='1'
WITH_SOCKET_01='1'
WITH_THREAD_01='1'
ac_ct_CC='gcc'
ac_ct_DUMPBIN=''
am__EXEEXT_FALSE=''
am__EXEEXT_TRUE='#'
am__fastdepCC_FALSE='#'
am__fastdepCC_TRUE=''
am__include='include'
am__isrc=''
am__leading_dot='.'
am__quote=''
am__tar='${AMTAR} chof - "$$tardir"'
am__untar='${AMTAR} xf -'
bindir='${exec_prefix}/bin'
build='x86_64-apple-darwin10.4.0'
build_alias=''
build_cpu='x86_64'
build_os='darwin10.4.0'
build_vendor='apple'
datadir='${datarootdir}'
datarootdir='${prefix}/share'
docdir='${datarootdir}/doc/${PACKAGE_TARNAME}'
dvidir='${docdir}'
exec_prefix='${prefix}'
host='x86_64-apple-darwin10.4.0'
host_alias=''
host_cpu='x86_64'
host_os='darwin10.4.0'
host_vendor='apple'
htmldir='${docdir}'
includedir='${prefix}/include'
infodir='${datarootdir}/info'
install_sh='${SHELL} /Users/kimio/D/svn/konoha/branches/konoha7/install-sh'
libdir='${exec_prefix}/lib'
libexecdir='${exec_prefix}/libexec'
localedir='${datarootdir}/locale'
localstatedir='${prefix}/var'
lt_ECHO='/bin/echo'
mandir='${datarootdir}/man'
mkdir_p='$(top_builddir)/./install-sh -c -d'
oldincludedir='/usr/include'
pdfdir='${docdir}'
prefix='/usr/local'
program_transform_name='s,x,x,'
psdir='${docdir}'
sbindir='${exec_prefix}/sbin'
sharedstatedir='${prefix}/com'
sysconfdir='${prefix}/etc'
target_alias=''

## ----------- ##
## confdefs.h. ##
## ----------- ##

/* confdefs.h */
#define PACKAGE_NAME "konoha"
#define PACKAGE_TARNAME "konoha"
#define PACKAGE_VERSION "0.7"
#define PACKAGE_STRING "konoha 0.7"
#define PACKAGE_BUGREPORT "konoha-bugs@list.sourceforge.jp"
#define PACKAGE_URL ""
#define STDC_HEADERS 1
#define HAVE_SYS_TYPES_H 1
#define HAVE_SYS_STAT_H 1
#define HAVE_STDLIB_H 1
#define HAVE_STRING_H 1
#define HAVE_MEMORY_H 1
#define HAVE_STRINGS_H 1
#define HAVE_INTTYPES_H 1
#define HAVE_STDINT_H 1
#define HAVE_UNISTD_H 1
#define HAVE_DLFCN_H 1
#define LT_OBJDIR ".libs/"
#define STDC_HEADERS 1
#define HAVE_FLOAT_H 1
#define HAVE_LANGINFO_H 1
#define HAVE_LOCALCHARSET_H 1
#define HAVE_LIMITS_H 1
#define HAVE_LOCALE_H 1
#define HAVE_STDLIB_H 1
#define HAVE_STRING_H 1
#define HAVE_SYS_TIME_H 1
#define HAVE_UNISTD_H 1
#define HAVE_ICONV_H 1
#define HAVE_READLINE_READLINE_H 1
#define HAVE_SYS_PARAM_H 1
#define TIME_WITH_SYS_TIME 1
#define HAVE_STDLIB_H 1
#define HAVE_MALLOC 1
#define HAVE_ISASCII 1
#define HAVE_MEMSET 1
#define HAVE_REALPATH 1
#define HAVE_QSORT_R 1
#define HAVE_POSIX_MEMALIGN 1
#define HAVE_MMAP 1
#define K_USING_READLINE 1
#define K_USING_SOCKET 1
#define K_USING_SQLITE3 1
#define K_USING_PTHREAD 1
#define K_USING_THREAD 1
#define ACCONFIG_K_OS darwin10.4.0
#define K_PREFIX "/usr/local"
#define K_CONFIG_OS "darwin10.4.0"

configure: exit 0

## ---------------------- ##
## Running config.status. ##
## ---------------------- ##

This file was extended by konoha config.status 0.7, which was
generated by GNU Autoconf 2.65.  Invocation command line was

  CONFIG_FILES    = 
  CONFIG_HEADERS  = 
  CONFIG_LINKS    = 
  CONFIG_COMMANDS = 
  $ ./config.status 

on kakashi.local

config.status:1102: creating Makefile
config.status:1102: creating build/Makefile
config.status:1102: creating konoha.pc
config.status:1102: creating config.h
config.status:1322: executing depfiles commands
config.status:1322: executing libtool commands

## ---------------------- ##
## Running config.status. ##
## ---------------------- ##

This file was extended by konoha config.status 0.7, which was
generated by GNU Autoconf 2.65.  Invocation command line was

  CONFIG_FILES    = 
  CONFIG_HEADERS  = 
  CONFIG_LINKS    = 
  CONFIG_COMMANDS = 
  $ ./config.status config.h

on kakashi.local

config.status:1102: creating config.h
config.status:1274: config.h is unchanged
